e:\university work\year 2\computer games programming\assignment 2\finn truman cgp501 ae2\finn truman cgp501 ae2\debug\vc140.pdb
e:\university work\year 2\computer games programming\assignment 2\finn truman cgp501 ae2\finn truman cgp501 ae2\debug\vc140.idb
e:\university work\year 2\computer games programming\assignment 2\finn truman cgp501 ae2\finn truman cgp501 ae2\debug\actor.obj
e:\university work\year 2\computer games programming\assignment 2\finn truman cgp501 ae2\finn truman cgp501 ae2\debug\character.obj
e:\university work\year 2\computer games programming\assignment 2\finn truman cgp501 ae2\finn truman cgp501 ae2\debug\collision.obj
e:\university work\year 2\computer games programming\assignment 2\finn truman cgp501 ae2\finn truman cgp501 ae2\debug\gamemanager.obj
e:\university work\year 2\computer games programming\assignment 2\finn truman cgp501 ae2\finn truman cgp501 ae2\debug\input.obj
e:\university work\year 2\computer games programming\assignment 2\finn truman cgp501 ae2\finn truman cgp501 ae2\debug\level.obj
e:\university work\year 2\computer games programming\assignment 2\finn truman cgp501 ae2\finn truman cgp501 ae2\debug\main.obj
e:\university work\year 2\computer games programming\assignment 2\finn truman cgp501 ae2\finn truman cgp501 ae2\debug\menu.obj
e:\university work\year 2\computer games programming\assignment 2\finn truman cgp501 ae2\finn truman cgp501 ae2\debug\player.obj
e:\university work\year 2\computer games programming\assignment 2\finn truman cgp501 ae2\finn truman cgp501 ae2\debug\sprite.obj
e:\university work\year 2\computer games programming\assignment 2\finn truman cgp501 ae2\finn truman cgp501 ae2\debug\text.obj
e:\university work\year 2\computer games programming\assignment 2\finn truman cgp501 ae2\finn truman cgp501 ae2\debug\textmanager.obj
e:\university work\year 2\computer games programming\assignment 2\finn truman cgp501 ae2\finn truman cgp501 ae2\debug\vector.obj
e:\university work\year 2\computer games programming\assignment 2\finn truman cgp501 ae2\finn truman cgp501 ae2\debug\bullet.obj
e:\university work\year 2\computer games programming\assignment 2\finn truman cgp501 ae2\finn truman cgp501 ae2\debug\ai.obj
e:\university work\year 2\computer games programming\assignment 2\finn truman cgp501 ae2\finn truman cgp501 ae2\debug\enemy.obj
e:\university work\year 2\computer games programming\assignment 2\finn truman cgp501 ae2\finn truman cgp501 ae2\debug\enemysoldier.obj
e:\university work\year 2\computer games programming\assignment 2\finn truman cgp501 ae2\debug\finn truman cgp501 ae2.ilk
e:\university work\year 2\computer games programming\assignment 2\finn truman cgp501 ae2\debug\finn truman cgp501 ae2.exe
e:\university work\year 2\computer games programming\assignment 2\finn truman cgp501 ae2\debug\finn truman cgp501 ae2.pdb
e:\university work\year 2\computer games programming\assignment 2\finn truman cgp501 ae2\finn truman cgp501 ae2\debug\finn tru.305411bd.tlog\cl.command.1.tlog
e:\university work\year 2\computer games programming\assignment 2\finn truman cgp501 ae2\finn truman cgp501 ae2\debug\finn tru.305411bd.tlog\cl.read.1.tlog
e:\university work\year 2\computer games programming\assignment 2\finn truman cgp501 ae2\finn truman cgp501 ae2\debug\finn tru.305411bd.tlog\cl.write.1.tlog
e:\university work\year 2\computer games programming\assignment 2\finn truman cgp501 ae2\finn truman cgp501 ae2\debug\finn tru.305411bd.tlog\link.command.1.tlog
e:\university work\year 2\computer games programming\assignment 2\finn truman cgp501 ae2\finn truman cgp501 ae2\debug\finn tru.305411bd.tlog\link.read.1.tlog
e:\university work\year 2\computer games programming\assignment 2\finn truman cgp501 ae2\finn truman cgp501 ae2\debug\finn tru.305411bd.tlog\link.write.1.tlog
