Build started 05/01/2017 15:09:51.
     1>Project "E:\University work\Year 2\Computer Games Programming\Assignment 2\Finn Truman CGP501 AE2\Finn Truman CGP501 AE2\Finn Truman CGP501 AE2.vcxproj" on node 2 (Build target(s)).
     1>ClCompile:
         C:\Program Files (x86)\Microsoft Visual Studio 14.0\VC\bin\CL.exe /c /ZI /nologo /W3 /WX- /sdl /Od /Oy- /D _MBCS /Gm /EHsc /RTC1 /MDd /GS /fp:precise /Zc:wchar_t /Zc:forScope /Zc:inline /Fo"Debug\\" /Fd"Debug\vc140.pdb" /Gd /TP /analyze- /errorReport:prompt AI.cpp Actor.cpp Character.cpp GameManager.cpp Main.cpp
         GameManager.cpp
     1>e:\university work\year 2\computer games programming\assignment 2\finn truman cgp501 ae2\finn truman cgp501 ae2\character.h(35): warning C4244: '=': conversion from 'int' to 'float', possible loss of data
     1>e:\university work\year 2\computer games programming\assignment 2\finn truman cgp501 ae2\finn truman cgp501 ae2\gamemanager.cpp(78): warning C4150: deletion of pointer to incomplete type 'Menu'; no destructor called
         e:\university work\year 2\computer games programming\assignment 2\finn truman cgp501 ae2\finn truman cgp501 ae2\gamemanager.h(14): note: see declaration of 'Menu'
     1>e:\university work\year 2\computer games programming\assignment 2\finn truman cgp501 ae2\finn truman cgp501 ae2\gamemanager.cpp(106): warning C4018: '<': signed/unsigned mismatch
     1>e:\university work\year 2\computer games programming\assignment 2\finn truman cgp501 ae2\finn truman cgp501 ae2\gamemanager.cpp(121): warning C4018: '<': signed/unsigned mismatch
     1>e:\university work\year 2\computer games programming\assignment 2\finn truman cgp501 ae2\finn truman cgp501 ae2\gamemanager.cpp(183): warning C4474: 'printf' : too many arguments passed for format string
         e:\university work\year 2\computer games programming\assignment 2\finn truman cgp501 ae2\finn truman cgp501 ae2\gamemanager.cpp(183): note: placeholders and their parameters expect 0 variadic arguments, but 1 were provided
     1>e:\university work\year 2\computer games programming\assignment 2\finn truman cgp501 ae2\finn truman cgp501 ae2\gamemanager.cpp(200): warning C4018: '<': signed/unsigned mismatch
     1>e:\university work\year 2\computer games programming\assignment 2\finn truman cgp501 ae2\finn truman cgp501 ae2\gamemanager.cpp(208): warning C4018: '<': signed/unsigned mismatch
     1>e:\university work\year 2\computer games programming\assignment 2\finn truman cgp501 ae2\finn truman cgp501 ae2\gamemanager.cpp(231): warning C4244: 'argument': conversion from 'float' to 'int', possible loss of data
         Character.cpp
     1>e:\university work\year 2\computer games programming\assignment 2\finn truman cgp501 ae2\finn truman cgp501 ae2\character.h(35): warning C4244: '=': conversion from 'int' to 'float', possible loss of data
         Generating Code...
         Skipping... (no relevant changes detected)
         Main.cpp
         Actor.cpp
         AI.cpp
       Link:
         C:\Program Files (x86)\Microsoft Visual Studio 14.0\VC\bin\link.exe /ERRORREPORT:PROMPT /OUT:"E:\University work\Year 2\Computer Games Programming\Assignment 2\Finn Truman CGP501 AE2\Debug\Finn Truman CGP501 AE2.exe" /INCREMENTAL /NOLOGO SDL2.lib SDL2main.lib SDL2_ttf.lib kernel32.lib user32.lib gdi32.lib winspool.lib comdlg32.lib advapi32.lib shell32.lib ole32.lib oleaut32.lib uuid.lib odbc32.lib odbccp32.lib /MANIFEST /MANIFESTUAC:"level='asInvoker' uiAccess='false'" /manifest:embed /Debug /PDB:"E:\University work\Year 2\Computer Games Programming\Assignment 2\Finn Truman CGP501 AE2\Debug\Finn Truman CGP501 AE2.pdb" /SUBSYSTEM:CONSOLE /TLBID:1 /DYNAMICBASE /NXCOMPAT /IMPLIB:"E:\University work\Year 2\Computer Games Programming\Assignment 2\Finn Truman CGP501 AE2\Debug\Finn Truman CGP501 AE2.lib" /MACHINE:X86 Debug\Actor.obj
         Debug\AI.obj
         Debug\Bullet.obj
         Debug\Character.obj
         Debug\Collision.obj
         Debug\Enemy.obj
         Debug\EnemySoldier.obj
         Debug\GameManager.obj
         Debug\Input.obj
         Debug\Level.obj
         Debug\Main.obj
         Debug\Menu.obj
         Debug\Player.obj
         Debug\Sprite.obj
         Debug\Vector.obj
         Finn Truman CGP501 AE2.vcxproj -> E:\University work\Year 2\Computer Games Programming\Assignment 2\Finn Truman CGP501 AE2\Debug\Finn Truman CGP501 AE2.exe
     1>Done Building Project "E:\University work\Year 2\Computer Games Programming\Assignment 2\Finn Truman CGP501 AE2\Finn Truman CGP501 AE2\Finn Truman CGP501 AE2.vcxproj" (Build target(s)).

Build succeeded.

Time Elapsed 00:00:03.89
