Build started 29/11/2016 14:43:09.
     1>Project "E:\University work\Year 2\Computer Games Programming\Assignment 2\Finn Truman CGP501 AE2\Finn Truman CGP501 AE2\Finn Truman CGP501 AE2.vcxproj" on node 2 (Build target(s)).
     1>ClCompile:
         C:\Program Files (x86)\Microsoft Visual Studio 14.0\VC\bin\CL.exe /c /ZI /nologo /W3 /WX- /sdl /Od /Oy- /D _MBCS /Gm /EHsc /RTC1 /MDd /GS /fp:precise /Zc:wchar_t /Zc:forScope /Zc:inline /Fo"Debug\\" /Fd"Debug\vc140.pdb" /Gd /TP /analyze- /errorReport:prompt GameManager.cpp
         GameManager.cpp
     1>e:\university work\year 2\computer games programming\assignment 2\finn truman cgp501 ae2\finn truman cgp501 ae2\gamemanager.cpp(158): warning C4474: 'printf' : too many arguments passed for format string
         e:\university work\year 2\computer games programming\assignment 2\finn truman cgp501 ae2\finn truman cgp501 ae2\gamemanager.cpp(158): note: placeholders and their parameters expect 0 variadic arguments, but 1 were provided
     1>e:\university work\year 2\computer games programming\assignment 2\finn truman cgp501 ae2\finn truman cgp501 ae2\gamemanager.cpp(175): warning C4018: '<': signed/unsigned mismatch
       Link:
         C:\Program Files (x86)\Microsoft Visual Studio 14.0\VC\bin\link.exe /ERRORREPORT:PROMPT /OUT:"E:\University work\Year 2\Computer Games Programming\Assignment 2\Finn Truman CGP501 AE2\Debug\Finn Truman CGP501 AE2.exe" /INCREMENTAL /NOLOGO SDL2.lib SDL2main.lib SDL2_ttf.lib kernel32.lib user32.lib gdi32.lib winspool.lib comdlg32.lib advapi32.lib shell32.lib ole32.lib oleaut32.lib uuid.lib odbc32.lib odbccp32.lib /MANIFEST /MANIFESTUAC:"level='asInvoker' uiAccess='false'" /manifest:embed /Debug /PDB:"E:\University work\Year 2\Computer Games Programming\Assignment 2\Finn Truman CGP501 AE2\Debug\Finn Truman CGP501 AE2.pdb" /SUBSYSTEM:CONSOLE /TLBID:1 /DYNAMICBASE /NXCOMPAT /IMPLIB:"E:\University work\Year 2\Computer Games Programming\Assignment 2\Finn Truman CGP501 AE2\Debug\Finn Truman CGP501 AE2.lib" /MACHINE:X86 Debug\Actor.obj
         Debug\Character.obj
         Debug\Collision.obj
         Debug\GameManager.obj
         Debug\Input.obj
         Debug\Level.obj
         Debug\Main.obj
         Debug\Menu.obj
         Debug\Player.obj
         Debug\Sprite.obj
         Debug\Text.obj
         Debug\TextManager.obj
         Debug\Vector.obj
         Finn Truman CGP501 AE2.vcxproj -> E:\University work\Year 2\Computer Games Programming\Assignment 2\Finn Truman CGP501 AE2\Debug\Finn Truman CGP501 AE2.exe
     1>Done Building Project "E:\University work\Year 2\Computer Games Programming\Assignment 2\Finn Truman CGP501 AE2\Finn Truman CGP501 AE2\Finn Truman CGP501 AE2.vcxproj" (Build target(s)).

Build succeeded.

Time Elapsed 00:00:03.84
